{
  "RSpec": {
    "coverage": {
      "/home/ubuntu/workspace/tdd-alu0100970876/lib/nutrientes.rb": [
        1,
        1,
        1,
        1,
        null,
        1,
        null,
        null
      ],
      "/home/ubuntu/workspace/tdd-alu0100970876/lib/nutrientes/alimento.rb": [
        null,
        null,
        1,
        null,
        1,
        null,
        null,
        1,
        null,
        1,
        139,
        139,
        139,
        139,
        139,
        null,
        null,
        null,
        null,
        null,
        null,
        1,
        3,
        3,
        3,
        6,
        6,
        150,
        144,
        null,
        null,
        6,
        null,
        3,
        6,
        6,
        150,
        144,
        null,
        null,
        6,
        null,
        null,
        null,
        null,
        3,
        9,
        null,
        null,
        null,
        null,
        3,
        null,
        null,
        null,
        null,
        1,
        1,
        null,
        null,
        null,
        null,
        1,
        2722,
        null,
        null,
        null,
        null,
        null,
        null,
        1,
        1353,
        null,
        null,
        null,
        1,
        1,
        15,
        null,
        null,
        null,
        1,
        0,
        null,
        null,
        null,
        1,
        1,
        15,
        null,
        null,
        null,
        1,
        0,
        null,
        null,
        null,
        1,
        1,
        15,
        null,
        null,
        null,
        1,
        0,
        null,
        null,
        null,
        1,
        1,
        15,
        null,
        null,
        null,
        1,
        0,
        null,
        null,
        null,
        1,
        1,
        24,
        null,
        null,
        null,
        1,
        0,
        null,
        null,
        null,
        1,
        1,
        15,
        null,
        null,
        null,
        1,
        0,
        null,
        null,
        null,
        1,
        1,
        15,
        null,
        null,
        null,
        1,
        0,
        null,
        null,
        null
      ],
      "/home/ubuntu/workspace/tdd-alu0100970876/lib/nutrientes/lista.rb": [
        1,
        null,
        null,
        null,
        1,
        1,
        null,
        null,
        1,
        null,
        1,
        10,
        10,
        null,
        null,
        null,
        null,
        null,
        1,
        9,
        9,
        9,
        null,
        null,
        null,
        null,
        null,
        1,
        2,
        2,
        2,
        null,
        null,
        null,
        null,
        null,
        1,
        1,
        1,
        1,
        1,
        null,
        null,
        null,
        null,
        null,
        1,
        1,
        1,
        1,
        1,
        null,
        null,
        null,
        1,
        1,
        1,
        4,
        2,
        2,
        null,
        1,
        1,
        null,
        null,
        null,
        1,
        2,
        2,
        8,
        8,
        null,
        null,
        null,
        null
      ],
      "/home/ubuntu/workspace/tdd-alu0100970876/lib/nutrientes/plato.rb": [
        1,
        1,
        null,
        null,
        null,
        null,
        null,
        null,
        null,
        null,
        null,
        null,
        null,
        null,
        null,
        null,
        null,
        null,
        null,
        null,
        null,
        null,
        null,
        1,
        null,
        null,
        null,
        null,
        null,
        null,
        null,
        null,
        1,
        null,
        1,
        1,
        1,
        1,
        1,
        0,
        null,
        1,
        null,
        null,
        null,
        null,
        1,
        1,
        1,
        1,
        1,
        7,
        7,
        null,
        1,
        1,
        null,
        null,
        1,
        null,
        null,
        null,
        2,
        2,
        2,
        39,
        1,
        1,
        null,
        null,
        2,
        2,
        2,
        2,
        2,
        null,
        null,
        1,
        null,
        null,
        null,
        1,
        1,
        1,
        21,
        1,
        1,
        null,
        null,
        1,
        1,
        1,
        1,
        1,
        null,
        null,
        1,
        null,
        null,
        null,
        1,
        1,
        1,
        14,
        1,
        1,
        null,
        null,
        1,
        1,
        1,
        1,
        1,
        null,
        null,
        1,
        null,
        null,
        null,
        2,
        2,
        2,
        16,
        2,
        2,
        null,
        null,
        2,
        2,
        2,
        2,
        2,
        null,
        null,
        1,
        null,
        null,
        null,
        1,
        1,
        1,
        10,
        1,
        1,
        null,
        null,
        1,
        1,
        1,
        1,
        1,
        null,
        null
      ]
    },
    "timestamp": 1513171094
  }
}
